<?xml version="1.0" encoding="UTF-8"?>
<!-- Generated by org.testng.reporters.JUnitReportReporter -->
<testsuite skipped="0" hostname="ZpeedX" name="RunTests" tests="24" failures="0" timestamp="11 mar 2018 00:36:48 GMT" time="134.723" errors="0">
  <testcase name="testRecruiterLogout" time="1.453" classname="RunTests"/>
  <testcase name="testApplyPage" time="13.558" classname="RunTests"/>
  <testcase name="testRecruiterLogin" time="3.673" classname="RunTests"/>
  <testcase name="testParticipantLinks" time="0.812" classname="RunTests"/>
  <testcase name="testApplyPage" time="18.625" classname="RunTests"/>
  <testcase name="testLogout" time="1.531" classname="RunTests"/>
  <testcase name="testRegister" time="11.009" classname="RunTests"/>
  <testcase name="testParticipantLogout" time="2.875" classname="RunTests"/>
  <testcase name="testParticipantLinks" time="0.727" classname="RunTests"/>
  <testcase name="testAppOverviewPage" time="11.991" classname="RunTests"/>
  <testcase name="testParticipantLogout" time="2.411" classname="RunTests"/>
  <testcase name="testApplicationsPage" time="12.890" classname="RunTests"/>
  <testcase name="testRegisterLink" time="0.300" classname="RunTests"/>
  <testcase name="testLogin" time="1.716" classname="RunTests"/>
  <testcase name="testAppOverviewPage" time="13.304" classname="RunTests"/>
  <testcase name="testRecruiterLinks" time="3.848" classname="RunTests"/>
  <testcase name="testRecruiterLogout" time="1.239" classname="RunTests"/>
  <testcase name="testApplicationsPage" time="12.041" classname="RunTests"/>
  <testcase name="testRecruiterLogin" time="3.797" classname="RunTests"/>
  <testcase name="testRecruiterLinks" time="3.649" classname="RunTests"/>
  <testcase name="testLogin" time="1.594" classname="RunTests"/>
  <testcase name="testRegisterLink" time="0.317" classname="RunTests"/>
  <testcase name="testRegister" time="10.072" classname="RunTests"/>
  <testcase name="testLogout" time="1.291" classname="RunTests"/>
</testsuite> <!-- RunTests -->
